f:\专网版客户端\采集端(svn)\trunk\imgprocess\imgprocess\release\imgprocess.pch
f:\专网版客户端\采集端(svn)\trunk\imgprocess\imgprocess\release\vc140.pdb
f:\专网版客户端\采集端(svn)\trunk\imgprocess\imgprocess\release\vc140.idb
f:\专网版客户端\采集端(svn)\trunk\imgprocess\imgprocess\release\stdafx.obj
f:\专网版客户端\采集端(svn)\trunk\imgprocess\imgprocess\release\curimage.obj
f:\专网版客户端\采集端(svn)\trunk\imgprocess\imgprocess\release\imageprocess.obj
f:\专网版客户端\采集端(svn)\trunk\imgprocess\imgprocess\release\imagereadersource.obj
f:\专网版客户端\采集端(svn)\trunk\imgprocess\imgprocess\release\imgprocess.obj
f:\专网版客户端\采集端(svn)\trunk\imgprocess\imgprocess\release\imgrecqr.obj
f:\专网版客户端\采集端(svn)\trunk\imgprocess\imgprocess\release\jpgd.obj
f:\专网版客户端\采集端(svn)\trunk\imgprocess\imgprocess\release\lodepng.obj
f:\专网版客户端\采集端(svn)\trunk\imgprocess\imgprocess\release\markup.obj
f:\专网版客户端\采集端(svn)\trunk\lib\imgprocess.lib
f:\专网版客户端\采集端(svn)\trunk\lib\imgprocess.exp
f:\专网版客户端\采集端(svn)\trunk\bin\release\imgprocess.dll
e:\铭育科技\v3.0\ass_prj_4\code\imgprocess\release\release\imgprocess.pdb
f:\专网版客户端\采集端(svn)\trunk\imgprocess\imgprocess\release\imgprocess.res
f:\专网版客户端\采集端(svn)\trunk\imgprocess\imgprocess\release\imgprocess.tlog\cl.command.1.tlog
f:\专网版客户端\采集端(svn)\trunk\imgprocess\imgprocess\release\imgprocess.tlog\cl.read.1.tlog
f:\专网版客户端\采集端(svn)\trunk\imgprocess\imgprocess\release\imgprocess.tlog\cl.write.1.tlog
f:\专网版客户端\采集端(svn)\trunk\imgprocess\imgprocess\release\imgprocess.tlog\imgprocess.write.1u.tlog
f:\专网版客户端\采集端(svn)\trunk\imgprocess\imgprocess\release\imgprocess.tlog\link.command.1.tlog
f:\专网版客户端\采集端(svn)\trunk\imgprocess\imgprocess\release\imgprocess.tlog\link.read.1.tlog
f:\专网版客户端\采集端(svn)\trunk\imgprocess\imgprocess\release\imgprocess.tlog\link.write.1.tlog
f:\专网版客户端\采集端(svn)\trunk\imgprocess\imgprocess\release\imgprocess.tlog\rc.command.1.tlog
f:\专网版客户端\采集端(svn)\trunk\imgprocess\imgprocess\release\imgprocess.tlog\rc.read.1.tlog
f:\专网版客户端\采集端(svn)\trunk\imgprocess\imgprocess\release\imgprocess.tlog\rc.write.1.tlog
