f:\专网版客户端\采集端(svn)\trunk\imgprocess\imgprocess\debug\imgprocess.pch
f:\专网版客户端\采集端(svn)\trunk\imgprocess\imgprocess\debug\vc140.pdb
f:\专网版客户端\采集端(svn)\trunk\imgprocess\imgprocess\debug\vc140.idb
f:\专网版客户端\采集端(svn)\trunk\imgprocess\imgprocess\debug\stdafx.obj
f:\专网版客户端\采集端(svn)\trunk\imgprocess\imgprocess\debug\curimage.obj
f:\专网版客户端\采集端(svn)\trunk\imgprocess\imgprocess\debug\imageprocess.obj
f:\专网版客户端\采集端(svn)\trunk\imgprocess\imgprocess\debug\imagereadersource.obj
f:\专网版客户端\采集端(svn)\trunk\imgprocess\imgprocess\debug\imgprocess.obj
f:\专网版客户端\采集端(svn)\trunk\imgprocess\imgprocess\debug\imgrecqr.obj
f:\专网版客户端\采集端(svn)\trunk\imgprocess\imgprocess\debug\jpgd.obj
f:\专网版客户端\采集端(svn)\trunk\imgprocess\imgprocess\debug\lodepng.obj
f:\专网版客户端\采集端(svn)\trunk\imgprocess\imgprocess\debug\markup.obj
f:\专网版客户端\采集端(svn)\trunk\lib\imgprocess_d.lib
f:\专网版客户端\采集端(svn)\trunk\lib\imgprocess_d.exp
f:\专网版客户端\采集端(svn)\trunk\bin\debug\imgprocess.ilk
f:\专网版客户端\采集端(svn)\trunk\bin\debug\imgprocess.dll
e:\铭育科技\v3.0\ass_prj_4\code\imgprocess\debug\debug\imgprocess.pdb
f:\专网版客户端\采集端(svn)\trunk\imgprocess\imgprocess\imgprocess.res
f:\专网版客户端\采集端(svn)\trunk\imgprocess\imgprocess\debug\imgprocess.res
f:\专网版客户端\采集端(svn)\trunk\imgprocess\imgprocess\debug\vc90.idb
f:\专网版客户端\采集端(svn)\trunk\imgprocess\imgprocess\debug\vc90.pdb
f:\专网版客户端\采集端(svn)\trunk\imgprocess\imgprocess\debug\imgprocess.tlog\cl.command.1.tlog
f:\专网版客户端\采集端(svn)\trunk\imgprocess\imgprocess\debug\imgprocess.tlog\cl.read.1.tlog
f:\专网版客户端\采集端(svn)\trunk\imgprocess\imgprocess\debug\imgprocess.tlog\cl.write.1.tlog
f:\专网版客户端\采集端(svn)\trunk\imgprocess\imgprocess\debug\imgprocess.tlog\imgprocess.write.1u.tlog
f:\专网版客户端\采集端(svn)\trunk\imgprocess\imgprocess\debug\imgprocess.tlog\link.command.1.tlog
f:\专网版客户端\采集端(svn)\trunk\imgprocess\imgprocess\debug\imgprocess.tlog\link.read.1.tlog
f:\专网版客户端\采集端(svn)\trunk\imgprocess\imgprocess\debug\imgprocess.tlog\link.write.1.tlog
f:\专网版客户端\采集端(svn)\trunk\imgprocess\imgprocess\debug\imgprocess.tlog\rc.command.1.tlog
f:\专网版客户端\采集端(svn)\trunk\imgprocess\imgprocess\debug\imgprocess.tlog\rc.read.1.tlog
f:\专网版客户端\采集端(svn)\trunk\imgprocess\imgprocess\debug\imgprocess.tlog\rc.write.1.tlog
