  ImgProcess.cpp
ImgProcess.cpp(294): warning C4018: “<”: 有符号/无符号不匹配
ImgProcess.cpp(331): warning C4018: “<”: 有符号/无符号不匹配
ImgProcess.cpp(380): warning C4018: “<”: 有符号/无符号不匹配
ImgProcess.cpp(420): warning C4018: “<”: 有符号/无符号不匹配
ImgProcess.cpp(427): warning C4018: “<”: 有符号/无符号不匹配
ImgProcess.cpp(477): warning C4018: “<”: 有符号/无符号不匹配
ImgProcess.cpp(479): warning C4018: “<”: 有符号/无符号不匹配
ImgProcess.cpp(514): warning C4018: “<”: 有符号/无符号不匹配
ImgProcess.cpp(517): warning C4018: “<”: 有符号/无符号不匹配
ImgProcess.cpp(542): warning C4018: “<”: 有符号/无符号不匹配
ImgProcess.cpp(667): warning C4018: “<”: 有符号/无符号不匹配
ImgProcess.cpp(678): warning C4018: “<”: 有符号/无符号不匹配
ImgProcess.cpp(751): warning C4018: “<”: 有符号/无符号不匹配
ImgProcess.cpp(794): warning C4018: “<”: 有符号/无符号不匹配
ImgProcess.cpp(823): warning C4018: “<”: 有符号/无符号不匹配
ImgProcess.cpp(1189): warning C4018: “<”: 有符号/无符号不匹配
ImgProcess.cpp(1459): warning C4018: “<”: 有符号/无符号不匹配
ImgProcess.cpp(1467): warning C4018: “<”: 有符号/无符号不匹配
ImgProcess.cpp(1475): warning C4018: “<”: 有符号/无符号不匹配
ImgProcess.cpp(1483): warning C4018: “<”: 有符号/无符号不匹配
ImgProcess.cpp(1491): warning C4018: “<”: 有符号/无符号不匹配
ImgProcess.cpp(1576): warning C4018: “>”: 有符号/无符号不匹配
ImgProcess.cpp(1576): warning C4018: “<”: 有符号/无符号不匹配
ImgProcess.cpp(1578): warning C4018: “<”: 有符号/无符号不匹配
ImgProcess.cpp(1578): warning C4018: “>”: 有符号/无符号不匹配
ImgProcess.cpp(1580): warning C4018: “>”: 有符号/无符号不匹配
ImgProcess.cpp(1663): warning C4800: “BOOL”: 将值强制为布尔值“true”或“false”(性能警告)
ImgProcess.cpp(1674): warning C4018: “<”: 有符号/无符号不匹配
ImgProcess.cpp(1723): warning C4018: “<”: 有符号/无符号不匹配
ImgProcess.cpp(1792): warning C4018: “<”: 有符号/无符号不匹配
ImgProcess.cpp(1795): warning C4800: “BOOL”: 将值强制为布尔值“true”或“false”(性能警告)
ImgProcess.cpp(1800): warning C4018: “<”: 有符号/无符号不匹配
ImgProcess.cpp(1909): warning C4018: “<”: 有符号/无符号不匹配
ImgProcess.cpp(3028): warning C4018: “<”: 有符号/无符号不匹配
ImgProcess.cpp(3036): warning C4018: “<”: 有符号/无符号不匹配
ImgProcess.cpp(3106): warning C4018: “>”: 有符号/无符号不匹配
ImgProcess.cpp(3106): warning C4018: “<”: 有符号/无符号不匹配
ImgProcess.cpp(3108): warning C4018: “<”: 有符号/无符号不匹配
ImgProcess.cpp(3108): warning C4018: “>”: 有符号/无符号不匹配
ImgProcess.cpp(3110): warning C4018: “>”: 有符号/无符号不匹配
ImgProcess.cpp(3164): warning C4018: “<”: 有符号/无符号不匹配
ImgProcess.cpp(3278): warning C4018: “<”: 有符号/无符号不匹配
ImgProcess.cpp(3327): warning C4018: “<”: 有符号/无符号不匹配
ImgProcess.cpp(3346): warning C4018: “<”: 有符号/无符号不匹配
ImgProcess.cpp(3774): warning C4244: “=”: 从“int”转换到“float”，可能丢失数据
ImgProcess.cpp(3775): warning C4244: “=”: 从“int”转换到“float”，可能丢失数据
ImgProcess.cpp(3776): warning C4244: “=”: 从“int”转换到“float”，可能丢失数据
ImgProcess.cpp(3777): warning C4244: “=”: 从“int”转换到“float”，可能丢失数据
ImgProcess.cpp(3839): warning C4244: “参数”: 从“double”转换到“int”，可能丢失数据
ImgProcess.cpp(3842): warning C4244: “参数”: 从“double”转换到“int”，可能丢失数据
ImgProcess.cpp(3845): warning C4244: “参数”: 从“double”转换到“int”，可能丢失数据
ImgProcess.cpp(3848): warning C4244: “参数”: 从“double”转换到“int”，可能丢失数据
ImgProcess.cpp(3875): warning C4018: “<”: 有符号/无符号不匹配
ImgProcess.cpp(3883): warning C4018: “<”: 有符号/无符号不匹配
ImgProcess.cpp(3938): warning C4018: “>”: 有符号/无符号不匹配
ImgProcess.cpp(3938): warning C4018: “<”: 有符号/无符号不匹配
ImgProcess.cpp(3940): warning C4018: “<”: 有符号/无符号不匹配
ImgProcess.cpp(3940): warning C4018: “>”: 有符号/无符号不匹配
ImgProcess.cpp(3942): warning C4018: “>”: 有符号/无符号不匹配
ImgProcess.cpp(3988): warning C4244: “=”: 从“int”转换到“float”，可能丢失数据
ImgProcess.cpp(3989): warning C4244: “=”: 从“int”转换到“float”，可能丢失数据
ImgProcess.cpp(3990): warning C4244: “=”: 从“int”转换到“float”，可能丢失数据
ImgProcess.cpp(3991): warning C4244: “=”: 从“int”转换到“float”，可能丢失数据
ImgProcess.cpp(4136): warning C4018: “<”: 有符号/无符号不匹配
ImgProcess.cpp(4161): warning C4018: “<”: 有符号/无符号不匹配
ImgProcess.cpp(4165): warning C4244: “=”: 从“double”转换到“float”，可能丢失数据
ImgProcess.cpp(4194): warning C4305: “+=”: 从“double”到“float”截断
ImgProcess.cpp(4260): warning C4018: “<”: 有符号/无符号不匹配
ImgProcess.cpp(4262): warning C4018: “<”: 有符号/无符号不匹配
ImgProcess.cpp(4279): warning C4018: “<”: 有符号/无符号不匹配
ImgProcess.cpp(4323): warning C4018: “<”: 有符号/无符号不匹配
ImgProcess.cpp(4501): warning C4018: “<”: 有符号/无符号不匹配
ImgProcess.cpp(4531): warning C4800: “BOOL”: 将值强制为布尔值“true”或“false”(性能警告)
ImgProcess.cpp(4564): warning C4018: “<”: 有符号/无符号不匹配
ImgProcess.cpp(4566): warning C4018: “<”: 有符号/无符号不匹配
ImgProcess.cpp(4608): warning C4018: “<”: 有符号/无符号不匹配
ImgProcess.cpp(4616): warning C4018: “<”: 有符号/无符号不匹配
ImgProcess.cpp(4666): warning C4018: “>”: 有符号/无符号不匹配
ImgProcess.cpp(4666): warning C4018: “<”: 有符号/无符号不匹配
ImgProcess.cpp(4668): warning C4018: “<”: 有符号/无符号不匹配
ImgProcess.cpp(4668): warning C4018: “>”: 有符号/无符号不匹配
ImgProcess.cpp(4670): warning C4018: “>”: 有符号/无符号不匹配
ImgProcess.cpp(4705): warning C4244: “初始化”: 从“double”转换到“int”，可能丢失数据
ImgProcess.cpp(4706): warning C4244: “初始化”: 从“double”转换到“int”，可能丢失数据
ImgProcess.cpp(4720): warning C4244: “初始化”: 从“double”转换到“int”，可能丢失数据
ImgProcess.cpp(4721): warning C4244: “初始化”: 从“double”转换到“int”，可能丢失数据
ImgProcess.cpp(4820): warning C4018: “<”: 有符号/无符号不匹配
f:\专网版客户端\采集端(svn)\trunk\imgprocess\imgprocess\imgprocess.cpp(869): warning C4172: 返回局部变量或临时变量的地址: rect
f:\专网版客户端\采集端(svn)\trunk\imgprocess\imgprocess\imgprocess.cpp(879): warning C4172: 返回局部变量或临时变量的地址: dstRect
f:\专网版客户端\采集端(svn)\trunk\imgprocess\imgprocess\imgprocess.cpp(4578): warning C4715: “ZYJ_GetOmrSyncHead”: 不是所有的控件路径都返回值
C:\Program Files (x86)\MSBuild\Microsoft.Cpp\v4.0\V140\Microsoft.CppBuild.targets(1189,5): warning MSB8012: TargetPath(E:\铭育科技\V3.0\Ass_Prj_4\code\imgprocess\debug\Debug\ImgProcess.dll) does not match the Linker's OutputFile property value (F:\专网版客户端\采集端(SVN)\trunk\bin\debug\ImgProcess.dll). This may cause your project to build incorrectly. To correct this, please make sure that $(OutDir), $(TargetName) and $(TargetExt) property values match the value specified in %(Link.OutputFile).
  ImgProcess.vcxproj -> E:\铭育科技\V3.0\Ass_Prj_4\code\imgprocess\debug\Debug\ImgProcess.dll
  ImgProcess.vcxproj -> E:\铭育科技\V3.0\Ass_Prj_4\code\imgprocess\debug\Debug\ImgProcess.pdb (Full PDB)
